Fri 29 Mar 2024 12:01:07 AM UTC: 
 tests:  0|6
total_score: 0/70
3444074
Fri 29 Mar 2024 12:07:44 AM UTC: 
 list.c | 7 ++++++-
 1 file changed, 6 insertions(+), 1 deletion(-)
 tests:  0|6
total_score: 0/70
0e55949
Fri 29 Mar 2024 12:08:04 AM UTC: 
 list.c | 2 +-
 1 file changed, 1 insertion(+), 1 deletion(-)
 tests:  1|5
total_score: 10/70
d419587
Fri 29 Mar 2024 12:10:44 AM UTC: 
 list.c | 9 +++++++--
 1 file changed, 7 insertions(+), 2 deletions(-)
 tests:  2|5
total_score: 15/70
b03a787
Fri 29 Mar 2024 12:11:09 AM UTC: 
 list.c | 2 +-
 1 file changed, 1 insertion(+), 1 deletion(-)
 tests:  2|5
total_score: 15/70
188cfd8
Fri 29 Mar 2024 12:14:17 AM UTC: 
 list.c | 10 ++++++++--
 1 file changed, 8 insertions(+), 2 deletions(-)
 tests:  5|4
total_score: 25/70
142819b
Fri 29 Mar 2024 12:17:06 AM UTC: 
 list.c | 7 ++++---
 1 file changed, 4 insertions(+), 3 deletions(-)
 tests:  5|4
total_score: 25/70
1822ce9
Fri 29 Mar 2024 12:19:17 AM UTC: 
 list.c | 5 ++++-
 1 file changed, 4 insertions(+), 1 deletion(-)
 tests:  6|4
total_score: 25/70
9422104
Fri 29 Mar 2024 12:20:12 AM UTC: 
 list.c | 10 ++++++++--
 1 file changed, 8 insertions(+), 2 deletions(-)
In file included from test.c:5:
list.c: In function ‘prevList’:
list.c:74:23: error: expected ‘;’ before ‘}’ token
   74 |   return list->current
      |                       ^
      |                       ;
   75 | }
      | ~                      
Compilation failed
ed5bd1c
Fri 29 Mar 2024 12:20:40 AM UTC: 
 list.c | 2 +-
 1 file changed, 1 insertion(+), 1 deletion(-)
 tests:  6|4
total_score: 25/70
bbcf49a
Fri 29 Mar 2024 12:21:02 AM UTC: 
 list.c | 2 +-
 1 file changed, 1 insertion(+), 1 deletion(-)
 tests:  9|3
total_score: 35/70
506c92a
Fri 29 Mar 2024 12:22:45 AM UTC: 
 list.c | 7 ++++++-
 1 file changed, 6 insertions(+), 1 deletion(-)
In file included from test.c:5:
list.c: In function ‘pushFront’:
list.c:80:33: error: ‘return’ with a value, in function returning void [-Werror=return-type]
   80 |   if(list->head == NULL) return 0;
      |                                 ^
list.c:77:6: note: declared here
   77 | void pushFront(List * list, void * data)
      |      ^~~~~~~~~
cc1: all warnings being treated as errors
Compilation failed
06a1490
Fri 29 Mar 2024 12:23:14 AM UTC: 
 list.c | 2 +-
 1 file changed, 1 insertion(+), 1 deletion(-)
In file included from test.c:5:
list.c: In function ‘pushFront’:
list.c:80:48: error: expected ‘;’ before ‘nuevoNodo’
   80 |   if(list->head == NULL) nuevoNodo = list->head
      |                                                ^
      |                                                ;
   81 |   nuevoNodo->next = list->head;
      |   ~~~~~~~~~                                     
Compilation failed
b95f7b9
Fri 29 Mar 2024 12:23:22 AM UTC: 
 list.c | 2 +-
 1 file changed, 1 insertion(+), 1 deletion(-)
 tests:  0|0
3f6ec4e
Fri 29 Mar 2024 12:25:40 AM UTC: 
 list.c | 10 +++++++++-
 1 file changed, 9 insertions(+), 1 deletion(-)
 tests:  10|2
total_score: 45/70
7bfde47
Fri 29 Mar 2024 12:27:58 AM UTC: 
 list.c | 13 ++++++++++++-
 1 file changed, 12 insertions(+), 1 deletion(-)
 tests:  10|2
total_score: 45/70
5ddde98
Fri 29 Mar 2024 12:29:16 AM UTC: 
 list.c | 4 ++++
 1 file changed, 4 insertions(+)
 tests:  10|2
total_score: 45/70
b6b6808
Fri 29 Mar 2024 12:33:37 AM UTC: 
 list.c | 11 +++++------
 1 file changed, 5 insertions(+), 6 deletions(-)
 tests:  10|2
total_score: 45/70
af7d4b6
Fri 29 Mar 2024 12:34:30 AM UTC: 
 list.c | 5 +++--
 1 file changed, 3 insertions(+), 2 deletions(-)
 tests:  10|2
total_score: 45/70
b042b21
Fri 29 Mar 2024 12:45:51 AM UTC: 
 list.c | 15 +++------------
 1 file changed, 3 insertions(+), 12 deletions(-)
 tests:  0|0
80f0eb0
Fri 29 Mar 2024 12:50:10 AM UTC: 
 list.c | 17 +++++++++++++++--
 1 file changed, 15 insertions(+), 2 deletions(-)
 tests:  10|2
total_score: 45/70
2e36041
Fri 29 Mar 2024 12:51:06 AM UTC: 
 list.c | 4 +---
 1 file changed, 1 insertion(+), 3 deletions(-)
 tests:  11|1
total_score: 55/70
663f1e7
Fri 29 Mar 2024 12:53:52 AM UTC: 
 list.c | 11 +++++++----
 1 file changed, 7 insertions(+), 4 deletions(-)
 tests:  11|1
total_score: 55/70
ecd2e35
Fri 29 Mar 2024 12:57:57 AM UTC: 
 list.c | 10 +++++-----
 1 file changed, 5 insertions(+), 5 deletions(-)
 tests:  10|2
total_score: 45/70
32c5d11
Fri 29 Mar 2024 12:58:07 AM UTC: 
 list.c | 2 +-
 1 file changed, 1 insertion(+), 1 deletion(-)
 tests:  11|1
total_score: 55/70
67f54eb
Fri 29 Mar 2024 12:58:43 AM UTC: 
 list.c | 4 ++--
 1 file changed, 2 insertions(+), 2 deletions(-)
 tests:  11|1
total_score: 55/70
9de7e2e
Fri 29 Mar 2024 12:59:18 AM UTC: 
 list.c | 1 -
 1 file changed, 1 deletion(-)
 tests:  10|2
total_score: 45/70
6edd36c
Fri 29 Mar 2024 12:59:37 AM UTC: 
 list.c | 1 +
 1 file changed, 1 insertion(+)
 tests:  11|1
total_score: 55/70
c123395
Fri 29 Mar 2024 01:03:02 AM UTC: 
 list.c | 10 ++++------
 1 file changed, 4 insertions(+), 6 deletions(-)
In file included from test.c:5:
list.c: In function ‘pushCurrent’:
list.c:111:29: error: expected ‘;’ before ‘}’ token
  111 |       list->tail = nuevoNodo
      |                             ^
      |                             ;
  112 |     }
      |     ~                        
Compilation failed
92defe7
Fri 29 Mar 2024 01:03:07 AM UTC: 
 list.c | 2 +-
 1 file changed, 1 insertion(+), 1 deletion(-)
 tests:  11|1
total_score: 55/70
afd94f0
Fri 29 Mar 2024 01:04:01 AM UTC: 
 list.c | 2 +-
 1 file changed, 1 insertion(+), 1 deletion(-)
 tests:  11|1
total_score: 55/70
640a2fb
Fri 29 Mar 2024 01:16:39 AM UTC: 
 list.c | 13 +++++++++++--
 1 file changed, 11 insertions(+), 2 deletions(-)
In file included from test.c:5:
list.c: In function ‘popCurrent’:
list.c:138:1: error: control reaches end of non-void function [-Werror=return-type]
  138 | }
      | ^
cc1: all warnings being treated as errors
Compilation failed
2bbf851
Fri 29 Mar 2024 01:18:04 AM UTC: 
 list.c | 2 +-
 1 file changed, 1 insertion(+), 1 deletion(-)
In file included from test.c:5:
list.c: In function ‘popCurrent’:
list.c:138:1: error: control reaches end of non-void function [-Werror=return-type]
  138 | }
      | ^
cc1: all warnings being treated as errors
Compilation failed
c1a81c9
Fri 29 Mar 2024 01:19:28 AM UTC: 
 list.c | 3 +++
 1 file changed, 3 insertions(+)
In file included from test.c:5:
list.c: In function ‘popCurrent’:
list.c:141:1: error: control reaches end of non-void function [-Werror=return-type]
  141 | }
      | ^
cc1: all warnings being treated as errors
Compilation failed
5473696
Fri 29 Mar 2024 01:20:32 AM UTC: 
 list.c | 6 ++----
 1 file changed, 2 insertions(+), 4 deletions(-)
In file included from test.c:5:
list.c: In function ‘popCurrent’:
list.c:139:1: error: control reaches end of non-void function [-Werror=return-type]
  139 | }
      | ^
cc1: all warnings being treated as errors
Compilation failed
a5b1bc4
Fri 29 Mar 2024 01:21:55 AM UTC: 
 list.c | 12 +++++-------
 1 file changed, 5 insertions(+), 7 deletions(-)
In file included from test.c:5:
list.c: In function ‘popCurrent’:
list.c:137:1: error: control reaches end of non-void function [-Werror=return-type]
  137 | }
      | ^
cc1: all warnings being treated as errors
Compilation failed
6716e47
Fri 29 Mar 2024 01:30:24 AM UTC: 
 list.c | 23 ++++++++++++++++++++---
 1 file changed, 20 insertions(+), 3 deletions(-)
 tests:  12|0
total_score: 70/70
8c91d1b
Fri 29 Mar 2024 01:30:43 AM UTC: 
 list.c | 20 +-------------------
 1 file changed, 1 insertion(+), 19 deletions(-)
test.c: In function ‘popCurrent’:
test.c:448:5: error: ‘main’ is normally a non-static function [-Werror=main]
  448 | int main( int argc, char *argv[] ) {
      |     ^~~~
test.c:468:1: error: expected declaration or statement at end of input
  468 | }
      | ^
test.c:469: error: control reaches end of non-void function [-Werror=return-type]
At top level:
test.c:448:5: error: ‘main’ defined but not used [-Werror=unused-function]
  448 | int main( int argc, char *argv[] ) {
      |     ^~~~
In file included from test.c:5:
list.c:138:6: error: ‘cleanList’ defined but not used [-Werror=unused-function]
  138 | void cleanList(List * list) {
      |      ^~~~~~~~~
cc1: all warnings being treated as errors
Compilation failed
75b659f
Fri 29 Mar 2024 01:31:13 AM UTC: 
 list.c | 6 ------
 1 file changed, 6 deletions(-)
In file included from test.c:5:
list.c: In function ‘popCurrent’:
list.c:130:1: error: control reaches end of non-void function [-Werror=return-type]
  130 | }
      | ^
cc1: all warnings being treated as errors
Compilation failed
e82f396
Fri 29 Mar 2024 01:33:59 AM UTC: 
 list.c | 7 ++++++-
 1 file changed, 6 insertions(+), 1 deletion(-)
In file included from test.c:5:
list.c: In function ‘popCurrent’:
list.c:135:1: error: control reaches end of non-void function [-Werror=return-type]
  135 | }
      | ^
cc1: all warnings being treated as errors
Compilation failed
e82f396
Fri 29 Mar 2024 01:36:43 AM UTC: 
 list.c | 1 +
 1 file changed, 1 insertion(+)
In file included from test.c:5:
list.c: In function ‘popCurrent’:
list.c:136:1: error: control reaches end of non-void function [-Werror=return-type]
  136 | }
      | ^
cc1: all warnings being treated as errors
Compilation failed
bb5ed9c
Fri 29 Mar 2024 01:37:36 AM UTC: 
 list.c | 4 +++-
 1 file changed, 3 insertions(+), 1 deletion(-)
In file included from test.c:5:
list.c: In function ‘popCurrent’:
list.c:136:1: error: control reaches end of non-void function [-Werror=return-type]
  136 | }
      | ^
cc1: all warnings being treated as errors
Compilation failed
afed4e0
Fri 29 Mar 2024 01:40:27 AM UTC: 
 list.c | 18 +-----------------
 1 file changed, 1 insertion(+), 17 deletions(-)
In file included from test.c:5:
list.c: In function ‘pushCurrent’:
list.c:101:30: error: expected ‘=’, ‘,’, ‘;’, ‘asm’ or ‘__attribute__’ before ‘{’ token
  101 | void * popFront(List * list) {
      |                              ^
list.c:106:29: error: expected ‘=’, ‘,’, ‘;’, ‘asm’ or ‘__attribute__’ before ‘{’ token
  106 | void * popBack(List * list) {
      |                             ^
list.c:112:1: error: expected ‘=’, ‘,’, ‘;’, ‘asm’ or ‘__attribute__’ before ‘{’ token
  112 | {
      | ^
list.c:124:1: error: expected ‘=’, ‘,’, ‘;’, ‘asm’ or ‘__attribute__’ before ‘{’ token
  124 | {
      | ^
test.c:9:1: error: parameter ‘test_id’ is initialized
    9 | int test_id = -1;
      | ^~~
test.c:12:14: error: expected ‘=’, ‘,’, ‘;’, ‘asm’ or ‘__attribute__’ before ‘{’ token
   12 | int success(){
      |              ^
test.c:17:24: error: expected ‘=’, ‘,’, ‘;’, ‘asm’ or ‘__attribute__’ before ‘{’ token
   17 | void err_msg(char* msg){
      |                        ^
test.c:24:23: error: expected ‘=’, ‘,’, ‘;’, ‘asm’ or ‘__attribute__’ before ‘{’ token
   24 | void ok_msg(char* msg){
      |                       ^
test.c:30:25: error: expected ‘=’, ‘,’, ‘;’, ‘asm’ or ‘__attribute__’ before ‘{’ token
   30 | void info_msg(char* msg){
      |                         ^
test.c:35:75: error: expected ‘=’, ‘,’, ‘;’, ‘asm’ or ‘__attribute__’ before ‘{’ token
   35 | int test_suite(int(*test)(), char* msg, int max_score, int id, int req_id){
      |                                                                           ^
test.c:51:26: error: expected ‘=’, ‘,’, ‘;’, ‘asm’ or ‘__attribute__’ before ‘{’ token
   51 | List* initialize_exList(){
      |                          ^
test.c:73:29: error: expected ‘=’, ‘,’, ‘;’, ‘asm’ or ‘__attribute__’ before ‘{’ token
   73 | List* initialize_emptyList(){
      |                             ^
test.c:83:18: error: expected ‘=’, ‘,’, ‘;’, ‘asm’ or ‘__attribute__’ before ‘{’ token
   83 | int test_create(){
      |                  ^
test.c:98:22: error: expected ‘=’, ‘,’, ‘;’, ‘asm’ or ‘__attribute__’ before ‘{’ token
   98 | int test_first_next(){
      |                      ^
test.c:171:21: error: expected ‘=’, ‘,’, ‘;’, ‘asm’ or ‘__attribute__’ before ‘{’ token
  171 | int test_last_prev(){
      |                     ^
test.c:233:21: error: expected ‘=’, ‘,’, ‘;’, ‘asm’ or ‘__attribute__’ before ‘{’ token
  233 | int test_pushfront(){
      |                     ^
test.c:298:23: error: expected ‘=’, ‘,’, ‘;’, ‘asm’ or ‘__attribute__’ before ‘{’ token
  298 | int test_pushcurrent(){
      |                       ^
test.c:357:22: error: expected ‘=’, ‘,’, ‘;’, ‘asm’ or ‘__attribute__’ before ‘{’ token
  357 | int test_popcurrent(){
      |                      ^
test.c:448:36: error: expected ‘=’, ‘,’, ‘;’, ‘asm’ or ‘__attribute__’ before ‘{’ token
  448 | int main( int argc, char *argv[] ) {
      |                                    ^
In file included from test.c:5:
list.c:98:6: error: old-style parameter declarations in prototyped function definition
   98 | void pushCurrent(List * list, void * data)
      |      ^~~~~~~~~~~
test.c:469: error: expected ‘{’ at end of input
Compilation failed
de66402
Fri 29 Mar 2024 01:40:43 AM UTC: 
 list.c | 4 +++-
 1 file changed, 3 insertions(+), 1 deletion(-)
In file included from test.c:5:
list.c: In function ‘pushCurrent’:
list.c:100:10: error: ‘return’ with a value, in function returning void [-Werror=return-type]
  100 |   return NULL;
      |          ^~~~
list.c:98:6: note: declared here
   98 | void pushCurrent(List * list, void * data)
      |      ^~~~~~~~~~~
list.c: In function ‘popCurrent’:
list.c:122:1: error: control reaches end of non-void function [-Werror=return-type]
  122 | }
      | ^
cc1: all warnings being treated as errors
Compilation failed
0996c0f
Fri 29 Mar 2024 01:41:06 AM UTC: 
 list.c | 16 +++++++++++++++-
 1 file changed, 15 insertions(+), 1 deletion(-)
In file included from test.c:5:
list.c: In function ‘popCurrent’:
list.c:136:1: error: control reaches end of non-void function [-Werror=return-type]
  136 | }
      | ^
cc1: all warnings being treated as errors
Compilation failed
02226eb
